<?xml version="1.0" encoding="UTF-8"?>
<!-- Generated by org.testng.reporters.JUnitReportReporter -->
<testsuite hostname="DESKTOP-1NRI1TL" failures="0" tests="1" name="Class_Room_Programs.Alerts" time="3.153" errors="0" timestamp="2022-05-25T11:05:32 IST" skipped="0">
  <testcase classname="Class_Room_Programs.Alerts" name="handlingalerts" time="3.153"/>
  <system-out/>
</testsuite> <!-- Class_Room_Programs.Alerts -->
