<?xml version="1.0" encoding="UTF-8"?>
<!-- Generated by org.testng.reporters.JUnitReportReporter -->
<testsuite hostname="DESKTOP-1NRI1TL" failures="0" tests="1" name="Class_Room_Programs.Firstselectedoption" time="0.223" errors="0" timestamp="2022-05-08T18:11:04 IST" skipped="0">
  <testcase classname="Class_Room_Programs.Firstselectedoption" name="options" time="0.223"/>
  <system-out/>
</testsuite> <!-- Class_Room_Programs.Firstselectedoption -->
