<?xml version="1.0" encoding="UTF-8"?>
<!-- Generated by org.testng.reporters.JUnitReportReporter -->
<testsuite hostname="DESKTOP-1NRI1TL" failures="0" tests="3" name="Class_Room_Programs.Information_Commands" time="0.282" errors="0" timestamp="2022-04-24T18:26:00 IST" skipped="0">
  <testcase classname="Class_Room_Programs.Information_Commands" name="gmail" time="0.105"/>
  <system-out/>
  <testcase classname="Class_Room_Programs.Information_Commands" name="google_image" time="0.102"/>
  <system-out/>
  <testcase classname="Class_Room_Programs.Information_Commands" name="searchbutton" time="0.075"/>
  <system-out/>
</testsuite> <!-- Class_Room_Programs.Information_Commands -->
