<?xml version="1.0" encoding="UTF-8"?>
<!-- Generated by org.testng.reporters.JUnitReportReporter -->
<testsuite hostname="DESKTOP-1NRI1TL" failures="0" tests="1" name="Class_Room_Programs.array" time="39.194" errors="0" timestamp="2022-05-25T11:07:41 IST" skipped="0">
  <testcase classname="Class_Room_Programs.array" name="fun" time="39.194"/>
  <system-out/>
</testsuite> <!-- Class_Room_Programs.array -->
