<?xml version="1.0" encoding="UTF-8"?>
<!-- Generated by org.testng.reporters.JUnitReportReporter -->
<testsuite hostname="DESKTOP-1NRI1TL" failures="0" tests="1" name="Class_Room_Programs.Screenshot" time="6.336" errors="0" timestamp="2022-05-25T11:03:07 IST" skipped="0">
  <testcase classname="Class_Room_Programs.Screenshot" name="alertscreen" time="6.336"/>
  <system-out/>
</testsuite> <!-- Class_Room_Programs.Screenshot -->
