<?xml version="1.0" encoding="UTF-8"?>
<!-- Generated by org.testng.reporters.JUnitReportReporter -->
<testsuite hostname="DESKTOP-1NRI1TL" failures="0" tests="1" name="Class_Room_Programs.A7_INR_optionsvalidation" time="1.171" errors="0" timestamp="2022-05-08T18:45:08 IST" skipped="0">
  <testcase classname="Class_Room_Programs.A7_INR_optionsvalidation" name="options" time="1.171"/>
  <system-out/>
</testsuite> <!-- Class_Room_Programs.A7_INR_optionsvalidation -->
